/*C133*/SET SCHEMA PUBLIC
DISCONNECT
/*C134*/SET SCHEMA PUBLIC
INSERT INTO EMPLOYEE VALUES(3,'qweqwea','sdfasdfasd',1,'asdfdf')
COMMIT
INSERT INTO EMPLOYEE VALUES(4,'qwe','qwedascdasc',2,'z\czxc')
COMMIT
DISCONNECT
/*C135*/SET SCHEMA PUBLIC
DISCONNECT
/*C136*/SET SCHEMA PUBLIC
DISCONNECT
/*C137*/SET SCHEMA PUBLIC
DISCONNECT
/*C138*/SET SCHEMA PUBLIC
DISCONNECT
/*C139*/SET SCHEMA PUBLIC
DISCONNECT
/*C140*/SET SCHEMA PUBLIC
DISCONNECT
/*C141*/SET SCHEMA PUBLIC
DISCONNECT
/*C142*/SET SCHEMA PUBLIC
DISCONNECT
/*C143*/SET SCHEMA PUBLIC
DISCONNECT
/*C144*/SET SCHEMA PUBLIC
INSERT INTO EMPLOYEE VALUES(6,'user','user',NULL,'sdfsdf')
COMMIT
INSERT INTO EMPLOYEE VALUES(7,'sdfd','sdfsdf',1,'sdfsdf')
COMMIT
DISCONNECT
